Using pre-set license
Built from '2020.3/staging' branch; Version is '2020.3.33f1 (915a7af8b0d5) revision 9525882'; Using compiler version '192528614'; Build Type 'Release'
OS: 'Windows 10  (10.0.19043) 64bit Professional' Language: 'es' Physical Memory: 32699 MB
BatchMode: 1, IsHumanControllingUs: 0, StartBugReporterOnCrash: 0, Is64bit: 1, IsPro: 0

COMMAND LINE ARGUMENTS:
Y:\Program Files\Unity\2020.3.33f1\Editor\Unity.exe
-adb2
-batchMode
-noUpm
-name
AssetImportWorker0
-projectPath
Y:/PROGRAMACION/Github/WatchTheTempo/WatchTheTempo
-logFile
Logs/AssetImportWorker0.log
-srvPort
53806
Successfully changed project path to: Y:/PROGRAMACION/Github/WatchTheTempo/WatchTheTempo
Y:/PROGRAMACION/Github/WatchTheTempo/WatchTheTempo
Using Asset Import Pipeline V2.
Refreshing native plugins compatible for Editor in 47.24 ms, found 3 plugins.
Preloading 0 native plugins for Editor in 0.00 ms.
Initialize engine version: 2020.3.33f1 (915a7af8b0d5)
[Subsystems] Discovering subsystems at path Y:/Program Files/Unity/2020.3.33f1/Editor/Data/Resources/UnitySubsystems
[Subsystems] Discovering subsystems at path Y:/PROGRAMACION/Github/WatchTheTempo/WatchTheTempo/Assets
GfxDevice: creating device client; threaded=0
Direct3D:
    Version:  Direct3D 11.0 [level 11.1]
    Renderer: NVIDIA GeForce GTX 980 Ti (ID=0x17c8)
    Vendor:   
    VRAM:     6097 MB
    Driver:   30.0.15.1165
Initialize mono
Mono path[0] = 'Y:/Program Files/Unity/2020.3.33f1/Editor/Data/Managed'
Mono path[1] = 'Y:/Program Files/Unity/2020.3.33f1/Editor/Data/MonoBleedingEdge/lib/mono/unityjit'
Mono config path = 'Y:/Program Files/Unity/2020.3.33f1/Editor/Data/MonoBleedingEdge/etc'
Using monoOptions --debugger-agent=transport=dt_socket,embedding=1,server=y,suspend=n,address=127.0.0.1:56612
Begin MonoManager ReloadAssembly
Registering precompiled unity dll's ...
Register platform support module: Y:/Program Files/Unity/2020.3.33f1/Editor/Data/PlaybackEngines/WindowsStandaloneSupport/UnityEditor.WindowsStandalone.Extensions.dll
Registered in 0.001242 seconds.
Native extension for WindowsStandalone target not found
Refreshing native plugins compatible for Editor in 48.43 ms, found 3 plugins.
Preloading 0 native plugins for Editor in 0.00 ms.
Mono: successfully reloaded assembly
- Completed reload, in  0.573 seconds
Domain Reload Profiling:
	ReloadAssembly (574ms)
		BeginReloadAssembly (83ms)
			ExecutionOrderSort (0ms)
			DisableScriptedObjects (0ms)
			BackupInstance (0ms)
			ReleaseScriptingObjects (0ms)
			CreateAndSetChildDomain (1ms)
		EndReloadAssembly (427ms)
			LoadAssemblies (82ms)
			RebuildTransferFunctionScriptingTraits (0ms)
			SetupTypeCache (150ms)
			ReleaseScriptCaches (0ms)
			RebuildScriptCaches (26ms)
			SetupLoadedEditorAssemblies (163ms)
				LogAssemblyErrors (0ms)
				InitializePlatformSupportModulesInManaged (4ms)
				SetLoadedEditorAssemblies (0ms)
				RefreshPlugins (49ms)
				BeforeProcessingInitializeOnLoad (15ms)
				ProcessInitializeOnLoadAttributes (69ms)
				ProcessInitializeOnLoadMethodAttributes (26ms)
				AfterProcessingInitializeOnLoad (0ms)
				EditorAssembliesLoaded (0ms)
			ExecutionOrderSort2 (0ms)
			AwakeInstancesAfterBackupRestoration (0ms)
Platform modules already initialized, skipping
Registering precompiled user dll's ...
Registered in 0.003341 seconds.
Begin MonoManager ReloadAssembly
Symbol file LoadedFromMemory doesn't match image Y:\PROGRAMACION\Github\WatchTheTempo\WatchTheTempo\Library\PackageCache\com.unity.collab-proxy@1.15.15\Lib\Editor\PlasticSCM\unityplastic.dll
Native extension for WindowsStandalone target not found
Refreshing native plugins compatible for Editor in 46.13 ms, found 3 plugins.
Preloading 0 native plugins for Editor in 0.00 ms.
Mono: successfully reloaded assembly
- Completed reload, in  1.033 seconds
Domain Reload Profiling:
	ReloadAssembly (1035ms)
		BeginReloadAssembly (144ms)
			ExecutionOrderSort (0ms)
			DisableScriptedObjects (4ms)
			BackupInstance (0ms)
			ReleaseScriptingObjects (0ms)
			CreateAndSetChildDomain (19ms)
		EndReloadAssembly (839ms)
			LoadAssemblies (103ms)
			RebuildTransferFunctionScriptingTraits (0ms)
			SetupTypeCache (278ms)
			ReleaseScriptCaches (1ms)
			RebuildScriptCaches (46ms)
			SetupLoadedEditorAssemblies (323ms)
				LogAssemblyErrors (0ms)
				InitializePlatformSupportModulesInManaged (3ms)
				SetLoadedEditorAssemblies (0ms)
				RefreshPlugins (46ms)
				BeforeProcessingInitializeOnLoad (69ms)
				ProcessInitializeOnLoadAttributes (175ms)
				ProcessInitializeOnLoadMethodAttributes (25ms)
				AfterProcessingInitializeOnLoad (4ms)
				EditorAssembliesLoaded (0ms)
			ExecutionOrderSort2 (0ms)
			AwakeInstancesAfterBackupRestoration (5ms)
Platform modules already initialized, skipping
========================================================================
Worker process is ready to serve import requests
Launched and connected shader compiler UnityShaderCompiler.exe after 0.05 seconds
Refreshing native plugins compatible for Editor in 0.60 ms, found 3 plugins.
Preloading 0 native plugins for Editor in 0.00 ms.
Unloading 2308 Unused Serialized files (Serialized files now loaded: 0)
System memory in use before: 102.5 MB.
System memory in use after: 102.6 MB.

Unloading 30 unused Assets to reduce memory usage. Loaded Objects now: 2742.
Total: 3.227900 ms (FindLiveObjects: 0.270300 ms CreateObjectMapping: 0.058100 ms MarkObjects: 2.759000 ms  DeleteObjects: 0.139300 ms)

AssetImportParameters requested are different than current active one (requested -> active):
  custom:framework-win-MediaFoundation: 216162199b28c13a410421893ffa2e32 -> 
  custom:video-decoder-ogg-theora: a1e56fd34408186e4bbccfd4996cb3dc -> 
  custom:container-muxer-webm: aa71ff27fc2769a1b78a27578f13a17b -> 
  custom:container-demuxer-webm: 4f35f7cbe854078d1ac9338744f61a02 -> 
  custom:container-demuxer-ogg: 62fdf1f143b41e24485cea50d1cbac27 -> 
  custom:video-encoder-webm-vp8: eb34c28f22e8b96e1ab97ce403110664 -> 
  custom:video-decoder-webm-vp8: 9c59270c3fd7afecdb556c50c9e8de78 -> 
  custom:audio-decoder-ogg-vorbis: bf7c407c2cedff20999df2af8eb42d56 -> 
  custom:audio-encoder-webm-vorbis: bf7c407c2cedff20999df2af8eb42d56 -> 
========================================================================
Received Import Request.
  path: Assets/Scenes/2nd Level.unity
  artifactKey: Guid(a9659c58562a9004295c8a8221f04eec) Importer(815301076,1909f56bfc062723c751e8b465ee728b)
Start importing Assets/Scenes/2nd Level.unity using Guid(a9659c58562a9004295c8a8221f04eec) Importer(815301076,1909f56bfc062723c751e8b465ee728b)  -> (artifact id: 'e930efbe32823aaeb329b6a78b809d47') in 0.005663 seconds 
========================================================================
Received Prepare
Refreshing native plugins compatible for Editor in 3.60 ms, found 3 plugins.
Preloading 0 native plugins for Editor in 0.00 ms.
Unloading 17 Unused Serialized files (Serialized files now loaded: 0)
System memory in use before: 55.6 MB.
System memory in use after: 55.7 MB.

Unloading 17 unused Assets to reduce memory usage. Loaded Objects now: 2742.
Total: 4.098700 ms (FindLiveObjects: 0.482600 ms CreateObjectMapping: 0.100100 ms MarkObjects: 3.293400 ms  DeleteObjects: 0.221800 ms)

AssetImportParameters requested are different than current active one (requested -> active):
  custom:framework-win-MediaFoundation: 216162199b28c13a410421893ffa2e32 -> 
  custom:video-decoder-ogg-theora: a1e56fd34408186e4bbccfd4996cb3dc -> 
  custom:container-muxer-webm: aa71ff27fc2769a1b78a27578f13a17b -> 
  custom:container-demuxer-webm: 4f35f7cbe854078d1ac9338744f61a02 -> 
  custom:container-demuxer-ogg: 62fdf1f143b41e24485cea50d1cbac27 -> 
  custom:video-encoder-webm-vp8: eb34c28f22e8b96e1ab97ce403110664 -> 
  custom:video-decoder-webm-vp8: 9c59270c3fd7afecdb556c50c9e8de78 -> 
  custom:audio-decoder-ogg-vorbis: bf7c407c2cedff20999df2af8eb42d56 -> 
  custom:audio-encoder-webm-vorbis: bf7c407c2cedff20999df2af8eb42d56 -> 
========================================================================
Received Prepare
Registering precompiled user dll's ...
Registered in 0.002741 seconds.
Begin MonoManager ReloadAssembly
Symbol file LoadedFromMemory doesn't match image Y:\PROGRAMACION\Github\WatchTheTempo\WatchTheTempo\Library\PackageCache\com.unity.collab-proxy@1.15.15\Lib\Editor\PlasticSCM\unityplastic.dll
Native extension for WindowsStandalone target not found
Refreshing native plugins compatible for Editor in 0.63 ms, found 3 plugins.
Preloading 0 native plugins for Editor in 0.00 ms.
Mono: successfully reloaded assembly
- Completed reload, in  0.869 seconds
Domain Reload Profiling:
	ReloadAssembly (870ms)
		BeginReloadAssembly (114ms)
			ExecutionOrderSort (0ms)
			DisableScriptedObjects (5ms)
			BackupInstance (0ms)
			ReleaseScriptingObjects (0ms)
			CreateAndSetChildDomain (33ms)
		EndReloadAssembly (704ms)
			LoadAssemblies (98ms)
			RebuildTransferFunctionScriptingTraits (0ms)
			SetupTypeCache (254ms)
			ReleaseScriptCaches (1ms)
			RebuildScriptCaches (38ms)
			SetupLoadedEditorAssemblies (248ms)
				LogAssemblyErrors (0ms)
				InitializePlatformSupportModulesInManaged (3ms)
				SetLoadedEditorAssemblies (0ms)
				RefreshPlugins (1ms)
				BeforeProcessingInitializeOnLoad (69ms)
				ProcessInitializeOnLoadAttributes (163ms)
				ProcessInitializeOnLoadMethodAttributes (10ms)
				AfterProcessingInitializeOnLoad (3ms)
				EditorAssembliesLoaded (0ms)
			ExecutionOrderSort2 (0ms)
			AwakeInstancesAfterBackupRestoration (7ms)
Platform modules already initialized, skipping
Refreshing native plugins compatible for Editor in 0.65 ms, found 3 plugins.
Preloading 0 native plugins for Editor in 0.00 ms.
Unloading 2288 Unused Serialized files (Serialized files now loaded: 0)
System memory in use before: 101.1 MB.
System memory in use after: 101.2 MB.

Unloading 19 unused Assets to reduce memory usage. Loaded Objects now: 2745.
Total: 3.070700 ms (FindLiveObjects: 0.216200 ms CreateObjectMapping: 0.054300 ms MarkObjects: 2.687800 ms  DeleteObjects: 0.111700 ms)

AssetImportParameters requested are different than current active one (requested -> active):
  custom:framework-win-MediaFoundation: 216162199b28c13a410421893ffa2e32 -> 
  custom:video-decoder-ogg-theora: a1e56fd34408186e4bbccfd4996cb3dc -> 
  custom:container-muxer-webm: aa71ff27fc2769a1b78a27578f13a17b -> 
  custom:container-demuxer-webm: 4f35f7cbe854078d1ac9338744f61a02 -> 
  custom:container-demuxer-ogg: 62fdf1f143b41e24485cea50d1cbac27 -> 
  custom:video-encoder-webm-vp8: eb34c28f22e8b96e1ab97ce403110664 -> 
  custom:video-decoder-webm-vp8: 9c59270c3fd7afecdb556c50c9e8de78 -> 
  custom:audio-decoder-ogg-vorbis: bf7c407c2cedff20999df2af8eb42d56 -> 
  custom:audio-encoder-webm-vorbis: bf7c407c2cedff20999df2af8eb42d56 -> 
========================================================================
Received Import Request.
  Time since last request: 198.022826 seconds.
  path: Assets/LeanTween/Examples/Material/Futoro_PersonSprites.jpg
  artifactKey: Guid(cea2c9bf87b0c4dfdafb697a3ff00959) Importer(815301076,1909f56bfc062723c751e8b465ee728b)
Start importing Assets/LeanTween/Examples/Material/Futoro_PersonSprites.jpg using Guid(cea2c9bf87b0c4dfdafb697a3ff00959) Importer(815301076,1909f56bfc062723c751e8b465ee728b)  -> (artifact id: '60a7c1ab447c882fe0a5e729ff565af3') in 0.198194 seconds 
========================================================================
Received Import Request.
  Time since last request: 1.860618 seconds.
  path: Assets/LeanTween/Examples/Textures/PowerUpStar.png
  artifactKey: Guid(70141d51621e24facbca9196bbde84b4) Importer(815301076,1909f56bfc062723c751e8b465ee728b)
Start importing Assets/LeanTween/Examples/Textures/PowerUpStar.png using Guid(70141d51621e24facbca9196bbde84b4) Importer(815301076,1909f56bfc062723c751e8b465ee728b)  -> (artifact id: '0c9b8512e2f0b08b85feb42b456f2aa9') in 0.036846 seconds 
========================================================================
Received Import Request.
  Time since last request: 0.470964 seconds.
  path: Assets/LeanTween/Examples/Material/Futoro_Ring.psd
  artifactKey: Guid(ef31bc3f46d6047b29ff513e55daf05b) Importer(815301076,1909f56bfc062723c751e8b465ee728b)
Start importing Assets/LeanTween/Examples/Material/Futoro_Ring.psd using Guid(ef31bc3f46d6047b29ff513e55daf05b) Importer(815301076,1909f56bfc062723c751e8b465ee728b)  -> (artifact id: '56c29ec9897e129f1bb8d0cbe0139060') in 0.045498 seconds 
========================================================================
Received Import Request.
  Time since last request: 0.000206 seconds.
  path: Assets/LeanTween/Examples/Material/Futuro_WindowBack.psd
  artifactKey: Guid(678c92572cc724845a460c87117f5353) Importer(815301076,1909f56bfc062723c751e8b465ee728b)
Start importing Assets/LeanTween/Examples/Material/Futuro_WindowBack.psd using Guid(678c92572cc724845a460c87117f5353) Importer(815301076,1909f56bfc062723c751e8b465ee728b)  -> (artifact id: 'b97158a79ac3d68b0bb49d8eb1fd50b5') in 0.032737 seconds 
========================================================================
Received Import Request.
  Time since last request: 0.000138 seconds.
  path: Assets/LeanTween/Examples/Material/Futuro_ButtonBack.psd
  artifactKey: Guid(b3abce7efa3854a4cb1dd6b47f553027) Importer(815301076,1909f56bfc062723c751e8b465ee728b)
Start importing Assets/LeanTween/Examples/Material/Futuro_ButtonBack.psd using Guid(b3abce7efa3854a4cb1dd6b47f553027) Importer(815301076,1909f56bfc062723c751e8b465ee728b)  -> (artifact id: 'ceafa2b7da49f81e7c23a7acd189562b') in 0.032716 seconds 
========================================================================
Received Import Request.
  Time since last request: 0.000131 seconds.
  path: Assets/LeanTween/Examples/Material/Futuro_Bar.psd
  artifactKey: Guid(492b9988436bd45049a9a6bc52ac8fb0) Importer(815301076,1909f56bfc062723c751e8b465ee728b)
Start importing Assets/LeanTween/Examples/Material/Futuro_Bar.psd using Guid(492b9988436bd45049a9a6bc52ac8fb0) Importer(815301076,1909f56bfc062723c751e8b465ee728b)  -> (artifact id: '1e61ad8dd9642f624edb125f3013695b') in 0.028838 seconds 
========================================================================
Received Import Request.
  Time since last request: 0.000149 seconds.
  path: Assets/LeanTween/Examples/Material/Futuro_ButtonBackDark.psd
  artifactKey: Guid(b8aaa707027cc4f79af3439c5dbc9652) Importer(815301076,1909f56bfc062723c751e8b465ee728b)
Start importing Assets/LeanTween/Examples/Material/Futuro_ButtonBackDark.psd using Guid(b8aaa707027cc4f79af3439c5dbc9652) Importer(815301076,1909f56bfc062723c751e8b465ee728b)  -> (artifact id: '34f1ff605d6ca18c881c45847602913f') in 0.016890 seconds 
========================================================================
Received Import Request.
  Time since last request: 0.000198 seconds.
  path: Assets/LeanTween/Examples/Material/Futuro_SineWave.psd
  artifactKey: Guid(d835741a3c4a14a0aa5f7536c46456c4) Importer(815301076,1909f56bfc062723c751e8b465ee728b)
Start importing Assets/LeanTween/Examples/Material/Futuro_SineWave.psd using Guid(d835741a3c4a14a0aa5f7536c46456c4) Importer(815301076,1909f56bfc062723c751e8b465ee728b)  -> (artifact id: '608de68a7d2db6baa77d45a9e2fb0dc4') in 0.017823 seconds 
========================================================================
Received Import Request.
  Time since last request: 0.314187 seconds.
  path: Assets/LeanTween/Examples/Textures/Dude2d.png
  artifactKey: Guid(5f7fa9a7940a64e79b5a42d9f661d42c) Importer(815301076,1909f56bfc062723c751e8b465ee728b)
Start importing Assets/LeanTween/Examples/Textures/Dude2d.png using Guid(5f7fa9a7940a64e79b5a42d9f661d42c) Importer(815301076,1909f56bfc062723c751e8b465ee728b)  -> (artifact id: '04ed375d3293b7bde5582d84abbed6b9') in 0.019018 seconds 
========================================================================
Received Import Request.
  Time since last request: 0.000170 seconds.
  path: Assets/LeanTween/Examples/Textures/DustCloud.png
  artifactKey: Guid(c4c548a339b4d41a590928c0c98934a7) Importer(815301076,1909f56bfc062723c751e8b465ee728b)
Start importing Assets/LeanTween/Examples/Textures/DustCloud.png using Guid(c4c548a339b4d41a590928c0c98934a7) Importer(815301076,1909f56bfc062723c751e8b465ee728b)  -> (artifact id: 'f2717612cd9d7d02f6c8e0997c53aad3') in 0.032968 seconds 
========================================================================
Received Import Request.
  Time since last request: 100.032257 seconds.
  path: Assets/Prefabs/HUD Variant.prefab
  artifactKey: Guid(5e0996b22c2653944b59c43de15d350f) Importer(815301076,1909f56bfc062723c751e8b465ee728b)
Start importing Assets/Prefabs/HUD Variant.prefab using Guid(5e0996b22c2653944b59c43de15d350f) Importer(815301076,1909f56bfc062723c751e8b465ee728b)  -> (artifact id: '6b281e93b7673da0dc0369d34c65fa1b') in 0.034288 seconds 
========================================================================
Received Import Request.
  Time since last request: 14.375318 seconds.
  path: Assets/Prefabs/HUD.prefab
  artifactKey: Guid(5ab54db4f85ce364dae416daf5ff0ec2) Importer(815301076,1909f56bfc062723c751e8b465ee728b)
Start importing Assets/Prefabs/HUD.prefab using Guid(5ab54db4f85ce364dae416daf5ff0ec2) Importer(815301076,1909f56bfc062723c751e8b465ee728b)  -> (artifact id: 'ea28f67dd007f14e064c68fae5573f98') in 0.009433 seconds 
========================================================================
Received Prepare
Registering precompiled user dll's ...
Registered in 0.002920 seconds.
Begin MonoManager ReloadAssembly
Symbol file LoadedFromMemory doesn't match image Y:\PROGRAMACION\Github\WatchTheTempo\WatchTheTempo\Library\PackageCache\com.unity.collab-proxy@1.15.15\Lib\Editor\PlasticSCM\unityplastic.dll
Native extension for WindowsStandalone target not found
Refreshing native plugins compatible for Editor in 0.65 ms, found 3 plugins.
Preloading 0 native plugins for Editor in 0.00 ms.
Mono: successfully reloaded assembly
- Completed reload, in  0.874 seconds
Domain Reload Profiling:
	ReloadAssembly (875ms)
		BeginReloadAssembly (115ms)
			ExecutionOrderSort (0ms)
			DisableScriptedObjects (5ms)
			BackupInstance (0ms)
			ReleaseScriptingObjects (0ms)
			CreateAndSetChildDomain (34ms)
		EndReloadAssembly (693ms)
			LoadAssemblies (102ms)
			RebuildTransferFunctionScriptingTraits (0ms)
			SetupTypeCache (246ms)
			ReleaseScriptCaches (1ms)
			RebuildScriptCaches (37ms)
			SetupLoadedEditorAssemblies (247ms)
				LogAssemblyErrors (0ms)
				InitializePlatformSupportModulesInManaged (4ms)
				SetLoadedEditorAssemblies (0ms)
				RefreshPlugins (1ms)
				BeforeProcessingInitializeOnLoad (69ms)
				ProcessInitializeOnLoadAttributes (161ms)
				ProcessInitializeOnLoadMethodAttributes (9ms)
				AfterProcessingInitializeOnLoad (2ms)
				EditorAssembliesLoaded (0ms)
			ExecutionOrderSort2 (0ms)
			AwakeInstancesAfterBackupRestoration (7ms)
Platform modules already initialized, skipping
Refreshing native plugins compatible for Editor in 0.66 ms, found 3 plugins.
Preloading 0 native plugins for Editor in 0.00 ms.
Unloading 2288 Unused Serialized files (Serialized files now loaded: 0)
System memory in use before: 104.2 MB.
System memory in use after: 104.3 MB.

Unloading 20 unused Assets to reduce memory usage. Loaded Objects now: 2758.
Total: 3.093400 ms (FindLiveObjects: 0.248700 ms CreateObjectMapping: 0.056000 ms MarkObjects: 2.664500 ms  DeleteObjects: 0.123200 ms)

AssetImportParameters requested are different than current active one (requested -> active):
  custom:framework-win-MediaFoundation: 216162199b28c13a410421893ffa2e32 -> 
  custom:video-decoder-ogg-theora: a1e56fd34408186e4bbccfd4996cb3dc -> 
  custom:container-muxer-webm: aa71ff27fc2769a1b78a27578f13a17b -> 
  custom:container-demuxer-webm: 4f35f7cbe854078d1ac9338744f61a02 -> 
  custom:container-demuxer-ogg: 62fdf1f143b41e24485cea50d1cbac27 -> 
  custom:video-encoder-webm-vp8: eb34c28f22e8b96e1ab97ce403110664 -> 
  custom:video-decoder-webm-vp8: 9c59270c3fd7afecdb556c50c9e8de78 -> 
  custom:audio-decoder-ogg-vorbis: bf7c407c2cedff20999df2af8eb42d56 -> 
  custom:audio-encoder-webm-vorbis: bf7c407c2cedff20999df2af8eb42d56 -> 
========================================================================
Received Prepare
Registering precompiled user dll's ...
Registered in 0.002859 seconds.
Begin MonoManager ReloadAssembly
Symbol file LoadedFromMemory doesn't match image Y:\PROGRAMACION\Github\WatchTheTempo\WatchTheTempo\Library\PackageCache\com.unity.collab-proxy@1.15.15\Lib\Editor\PlasticSCM\unityplastic.dll
Native extension for WindowsStandalone target not found
Refreshing native plugins compatible for Editor in 0.63 ms, found 3 plugins.
Preloading 0 native plugins for Editor in 0.00 ms.
Mono: successfully reloaded assembly
- Completed reload, in  0.840 seconds
Domain Reload Profiling:
	ReloadAssembly (841ms)
		BeginReloadAssembly (114ms)
			ExecutionOrderSort (0ms)
			DisableScriptedObjects (5ms)
			BackupInstance (0ms)
			ReleaseScriptingObjects (0ms)
			CreateAndSetChildDomain (32ms)
		EndReloadAssembly (678ms)
			LoadAssemblies (100ms)
			RebuildTransferFunctionScriptingTraits (0ms)
			SetupTypeCache (238ms)
			ReleaseScriptCaches (1ms)
			RebuildScriptCaches (37ms)
			SetupLoadedEditorAssemblies (245ms)
				LogAssemblyErrors (0ms)
				InitializePlatformSupportModulesInManaged (3ms)
				SetLoadedEditorAssemblies (0ms)
				RefreshPlugins (1ms)
				BeforeProcessingInitializeOnLoad (69ms)
				ProcessInitializeOnLoadAttributes (160ms)
				ProcessInitializeOnLoadMethodAttributes (10ms)
				AfterProcessingInitializeOnLoad (3ms)
				EditorAssembliesLoaded (0ms)
			ExecutionOrderSort2 (0ms)
			AwakeInstancesAfterBackupRestoration (7ms)
Platform modules already initialized, skipping
Refreshing native plugins compatible for Editor in 0.71 ms, found 3 plugins.
Preloading 0 native plugins for Editor in 0.00 ms.
Unloading 2288 Unused Serialized files (Serialized files now loaded: 0)
System memory in use before: 104.2 MB.
System memory in use after: 104.3 MB.

Unloading 19 unused Assets to reduce memory usage. Loaded Objects now: 2761.
Total: 2.978500 ms (FindLiveObjects: 0.207000 ms CreateObjectMapping: 0.054900 ms MarkObjects: 2.602200 ms  DeleteObjects: 0.113600 ms)

AssetImportParameters requested are different than current active one (requested -> active):
  custom:framework-win-MediaFoundation: 216162199b28c13a410421893ffa2e32 -> 
  custom:video-decoder-ogg-theora: a1e56fd34408186e4bbccfd4996cb3dc -> 
  custom:container-muxer-webm: aa71ff27fc2769a1b78a27578f13a17b -> 
  custom:container-demuxer-webm: 4f35f7cbe854078d1ac9338744f61a02 -> 
  custom:container-demuxer-ogg: 62fdf1f143b41e24485cea50d1cbac27 -> 
  custom:video-encoder-webm-vp8: eb34c28f22e8b96e1ab97ce403110664 -> 
  custom:video-decoder-webm-vp8: 9c59270c3fd7afecdb556c50c9e8de78 -> 
  custom:audio-decoder-ogg-vorbis: bf7c407c2cedff20999df2af8eb42d56 -> 
  custom:audio-encoder-webm-vorbis: bf7c407c2cedff20999df2af8eb42d56 -> 
AssetImportWorkerClient::OnTransportError - code=2 error=End of file
